[2025-08-31 11:19:41.890] info: Server is running at http://localhost:4000
[2025-08-31 11:19:50.810] info: Server is running at http://localhost:4000
[2025-08-31 11:45:21.810] info: Server is running at http://localhost:4000
[2025-08-31 11:46:58.110] info: Server is running at http://localhost:4000
[2025-08-31 11:48:38.489] info: Server is running at http://localhost:4000
[2025-08-31 11:48:39.470] info: Server is running at http://localhost:4000
[2025-08-31 11:48:40.527] info: Server is running at http://localhost:4000
[2025-08-31 11:48:56.048] info: Server is running at http://localhost:4000
[2025-08-31 11:49:40.639] info: Server is running at http://localhost:4000
[2025-08-31 11:49:50.956] info: Server is running at http://localhost:4000
[2025-08-31 11:49:52.687] info: Server is running at http://localhost:4000
[2025-08-31 11:49:56.204] info: Server is running at http://localhost:4000
[2025-08-31 11:50:34.146] info: Server is running at http://localhost:4000
[2025-08-31 11:50:40.508] info: Server is running at http://localhost:4000
[2025-08-31 11:50:48.006] info: Server is running at http://localhost:4000
[2025-08-31 11:51:42.458] info: Server is running at http://localhost:4000
[2025-08-31 11:51:43.694] info: Server is running at http://localhost:4000
[2025-08-31 11:51:44.887] info: Server is running at http://localhost:4000
[2025-08-31 12:03:53.300] info: Server is running at http://localhost:4000
[2025-08-31 03:09:43.996] info: Server is running at http://localhost:4000
[2025-08-31 03:11:56.513] info: Server is running at http://localhost:4000
[2025-08-31 03:14:22.472] info: Server is running at http://localhost:4000
[2025-08-31 03:14:27.187] info: Server is running at http://localhost:4000
[2025-08-31 03:14:29.287] info: Server is running at http://localhost:4000
[2025-08-31 03:14:30.323] error: [SERVER] error  some error
[2025-08-31 03:17:00.404] info: Server is running at http://localhost:4000
[2025-08-31 03:17:04.080] info: Server is running at http://localhost:4000
[2025-08-31 03:17:04.886] info: Server is running at http://localhost:4000
[2025-08-31 03:17:06.776] info: Server is running at http://localhost:4000
[2025-08-31 03:17:10.299] info: Server is running at http://localhost:4000
[2025-08-31 03:17:19.065] info: Server is running at http://localhost:4000
[2025-08-31 03:17:21.571] info: Server is running at http://localhost:4000
[2025-08-31 03:17:27.758] info: Server is running at http://localhost:4000
[2025-08-31 03:36:03.102] info: Server is running at http://localhost:4000
[2025-08-31 03:36:03.117] info: [REDIS] Connected to Redis
[2025-08-31 03:36:03.167] info: [PRISMA] : connected to database
[2025-08-31 03:36:12.681] info: Server is running at http://localhost:4000
[2025-09-09 07:30:21.552] info: Server is running at http://localhost:4000
[2025-09-09 07:39:23.381] info: Server is running at http://localhost:4000
[2025-09-09 09:09:49.462] info: Server is running at http://localhost:4000
[2025-09-09 09:09:49.465] error: [REDIS] Failed to Connect to Redis connect ECONNREFUSED 127.0.0.1:6379
[2025-09-09 09:09:49.516] error: [REDIS] Failed to Connect to Redis connect ECONNREFUSED 127.0.0.1:6379
[2025-09-09 09:09:49.519] error: [PRISMA] : failed to connect database :  Can't reach database server at `localhost:5432`

Please make sure your database server is running at `localhost:5432`.
[2025-09-09 09:09:49.618] error: [REDIS] Failed to Connect to Redis connect ECONNREFUSED 127.0.0.1:6379
[2025-09-09 09:09:49.769] error: [REDIS] Failed to Connect to Redis connect ECONNREFUSED 127.0.0.1:6379
[2025-09-09 09:09:49.970] error: [REDIS] Failed to Connect to Redis connect ECONNREFUSED 127.0.0.1:6379
[2025-09-09 09:09:50.221] error: [REDIS] Failed to Connect to Redis connect ECONNREFUSED 127.0.0.1:6379
[2025-09-09 09:09:50.522] error: [REDIS] Failed to Connect to Redis connect ECONNREFUSED 127.0.0.1:6379
[2025-09-09 09:09:50.873] error: [REDIS] Failed to Connect to Redis connect ECONNREFUSED 127.0.0.1:6379
[2025-09-09 09:09:51.199] info: [EMAIL] connected to service
[2025-09-09 09:09:51.274] error: [REDIS] Failed to Connect to Redis connect ECONNREFUSED 127.0.0.1:6379
[2025-09-09 09:09:51.725] error: [REDIS] Failed to Connect to Redis connect ECONNREFUSED 127.0.0.1:6379
[2025-09-09 09:09:52.227] error: [REDIS] Failed to Connect to Redis connect ECONNREFUSED 127.0.0.1:6379
[2025-09-09 09:09:52.778] error: [REDIS] Failed to Connect to Redis connect ECONNREFUSED 127.0.0.1:6379
[2025-09-09 09:09:53.380] error: [REDIS] Failed to Connect to Redis connect ECONNREFUSED 127.0.0.1:6379
[2025-09-09 09:09:54.031] error: [REDIS] Failed to Connect to Redis connect ECONNREFUSED 127.0.0.1:6379
[2025-09-09 09:09:54.733] error: [REDIS] Failed to Connect to Redis connect ECONNREFUSED 127.0.0.1:6379
[2025-09-09 09:09:55.484] error: [REDIS] Failed to Connect to Redis connect ECONNREFUSED 127.0.0.1:6379
[2025-09-09 09:09:56.286] error: [REDIS] Failed to Connect to Redis connect ECONNREFUSED 127.0.0.1:6379
[2025-09-09 09:09:57.138] error: [REDIS] Failed to Connect to Redis connect ECONNREFUSED 127.0.0.1:6379
[2025-09-09 09:09:58.040] error: [REDIS] Failed to Connect to Redis connect ECONNREFUSED 127.0.0.1:6379
[2025-09-09 09:09:58.991] error: [REDIS] Failed to Connect to Redis connect ECONNREFUSED 127.0.0.1:6379
[2025-09-09 09:09:59.992] error: [REDIS] Failed to Connect to Redis connect ECONNREFUSED 127.0.0.1:6379
[2025-09-09 09:10:01.043] error: [REDIS] Failed to Connect to Redis connect ECONNREFUSED 127.0.0.1:6379
[2025-09-09 09:10:02.145] error: [REDIS] Failed to Connect to Redis connect ECONNREFUSED 127.0.0.1:6379
[2025-09-09 09:10:03.297] error: [REDIS] Failed to Connect to Redis connect ECONNREFUSED 127.0.0.1:6379
[2025-09-09 09:10:40.464] info: Server is running at http://localhost:4000
[2025-09-09 09:10:40.470] info: [REDIS] Connected to Redis
[2025-09-09 09:10:40.525] info: [PRISMA] : connected to database
[2025-09-09 09:10:42.000] info: [EMAIL] connected to service
[2025-09-09 09:11:17.318] info: Server is running at http://localhost:4000
[2025-09-09 09:11:17.322] info: [REDIS] Connected to Redis
[2025-09-09 09:11:17.362] info: [PRISMA] : connected to database
[2025-09-09 09:11:18.907] info: [EMAIL] connected to service
[2025-09-09 09:14:12.484] info: Server is running at http://localhost:4000
[2025-09-09 09:14:12.488] info: [REDIS] Connected to Redis
[2025-09-09 09:14:12.523] info: [PRISMA] : connected to database
[2025-09-09 09:14:14.898] info: Server is running at http://localhost:4000
[2025-09-09 09:14:14.902] info: [REDIS] Connected to Redis
[2025-09-09 09:14:14.949] info: [PRISMA] : connected to database
[2025-09-09 09:14:15.385] info: Server is running at http://localhost:4000
[2025-09-09 09:14:15.388] info: [REDIS] Connected to Redis
[2025-09-09 09:14:15.426] info: [PRISMA] : connected to database
[2025-09-09 09:14:17.721] info: [EMAIL] connected to service
[2025-09-09 11:57:42.391] info: Server is running at http://localhost:4000
[2025-09-09 11:57:42.396] error: [REDIS] Failed to Connect to Redis connect ECONNREFUSED 127.0.0.1:6379
[2025-09-09 11:57:42.447] error: [REDIS] Failed to Connect to Redis connect ECONNREFUSED 127.0.0.1:6379
[2025-09-09 11:57:42.452] error: [PRISMA] : failed to connect database :  Can't reach database server at `localhost:5432`

Please make sure your database server is running at `localhost:5432`.
[2025-09-09 11:57:42.548] error: [REDIS] Failed to Connect to Redis connect ECONNREFUSED 127.0.0.1:6379
[2025-09-09 11:57:42.699] error: [REDIS] Failed to Connect to Redis connect ECONNREFUSED 127.0.0.1:6379
[2025-09-09 11:57:42.900] error: [REDIS] Failed to Connect to Redis connect ECONNREFUSED 127.0.0.1:6379
[2025-09-09 11:57:43.151] error: [REDIS] Failed to Connect to Redis connect ECONNREFUSED 127.0.0.1:6379
[2025-09-09 11:57:43.452] error: [REDIS] Failed to Connect to Redis connect ECONNREFUSED 127.0.0.1:6379
[2025-09-09 11:57:43.803] error: [REDIS] Failed to Connect to Redis connect ECONNREFUSED 127.0.0.1:6379
[2025-09-09 11:57:43.904] info: [EMAIL] connected to service
[2025-09-09 11:57:44.204] error: [REDIS] Failed to Connect to Redis connect ECONNREFUSED 127.0.0.1:6379
[2025-09-09 11:57:44.655] error: [REDIS] Failed to Connect to Redis connect ECONNREFUSED 127.0.0.1:6379
[2025-09-09 11:57:45.157] error: [REDIS] Failed to Connect to Redis connect ECONNREFUSED 127.0.0.1:6379
[2025-09-09 11:57:45.708] error: [REDIS] Failed to Connect to Redis connect ECONNREFUSED 127.0.0.1:6379
[2025-09-09 11:58:19.149] info: Server is running at http://localhost:4000
[2025-09-09 11:58:19.154] info: [REDIS] Connected to Redis
[2025-09-09 11:58:19.208] info: [PRISMA] : connected to database
[2025-09-09 11:58:20.743] info: [EMAIL] connected to service
[2025-09-09 11:59:12.390] info: Server is running at http://localhost:4000
[2025-09-09 11:59:12.395] info: [REDIS] Connected to Redis
[2025-09-09 11:59:12.436] info: [PRISMA] : connected to database
[2025-09-09 11:59:14.661] info: [EMAIL] connected to service
[2025-09-09 12:15:03.150] info: Server is running at http://localhost:4000
[2025-09-09 12:15:03.155] info: [REDIS] Connected to Redis
[2025-09-09 12:15:03.193] info: [PRISMA] : connected to database
[2025-09-09 12:15:05.289] info: [EMAIL] connected to service
[2025-09-09 12:16:56.160] info: Server is running at http://localhost:4000
[2025-09-09 12:16:56.165] info: [REDIS] Connected to Redis
[2025-09-09 12:16:56.203] info: [PRISMA] : connected to database
[2025-09-09 12:16:58.454] info: [EMAIL] connected to service
[2025-09-09 12:16:59.858] info: Server is running at http://localhost:4000
[2025-09-09 12:16:59.863] info: [REDIS] Connected to Redis
[2025-09-09 12:16:59.904] info: [PRISMA] : connected to database
[2025-09-09 12:17:00.673] info: Server is running at http://localhost:4000
[2025-09-09 12:17:00.677] info: [REDIS] Connected to Redis
[2025-09-09 12:17:00.720] info: [PRISMA] : connected to database
[2025-09-09 12:17:02.340] info: [EMAIL] connected to service
[2025-09-09 12:17:04.045] info: Server is running at http://localhost:4000
[2025-09-09 12:17:04.049] info: [REDIS] Connected to Redis
[2025-09-09 12:17:04.089] info: [PRISMA] : connected to database
[2025-09-09 12:17:05.993] info: [EMAIL] connected to service
[2025-09-09 12:17:09.253] info: Server is running at http://localhost:4000
[2025-09-09 12:17:09.258] info: [REDIS] Connected to Redis
[2025-09-09 12:17:09.298] info: [PRISMA] : connected to database
[2025-09-09 12:17:11.254] info: [EMAIL] connected to service
[2025-09-09 12:17:39.368] info: Server is running at http://localhost:4000
[2025-09-09 12:17:39.372] info: [REDIS] Connected to Redis
[2025-09-09 12:17:39.415] info: [PRISMA] : connected to database
[2025-09-09 12:17:41.707] info: [EMAIL] connected to service
[2025-09-09 12:23:45.223] warn: [USER_SERVICE] User not found with email suraj@gmail.com 
[2025-09-09 12:23:45.261] error: [SERVER] error  Failed to save otp in redis
[2025-09-09 12:24:37.380] info: Server is running at http://localhost:4000
[2025-09-09 12:24:37.385] info: [REDIS] Connected to Redis
[2025-09-09 12:24:37.421] info: [PRISMA] : connected to database
[2025-09-09 12:24:38.665] info: Server is running at http://localhost:4000
[2025-09-09 12:24:38.670] info: [REDIS] Connected to Redis
[2025-09-09 12:24:40.452] info: Server is running at http://localhost:4000
[2025-09-09 12:24:40.457] info: [REDIS] Connected to Redis
[2025-09-09 12:24:40.502] info: [PRISMA] : connected to database
[2025-09-09 12:24:42.213] info: Server is running at http://localhost:4000
[2025-09-09 12:24:42.218] info: [REDIS] Connected to Redis
[2025-09-09 12:24:42.664] info: Server is running at http://localhost:4000
[2025-09-09 12:24:42.668] info: [REDIS] Connected to Redis
[2025-09-09 12:24:43.648] info: Server is running at http://localhost:4000
[2025-09-09 12:24:43.653] info: [REDIS] Connected to Redis
[2025-09-09 12:24:43.695] info: [PRISMA] : connected to database
[2025-09-09 12:24:44.349] info: Server is running at http://localhost:4000
[2025-09-09 12:24:44.354] info: [REDIS] Connected to Redis
[2025-09-09 12:24:44.396] info: [PRISMA] : connected to database
[2025-09-09 12:24:45.655] info: Server is running at http://localhost:4000
[2025-09-09 12:24:45.660] info: [REDIS] Connected to Redis
[2025-09-09 12:24:46.282] info: Server is running at http://localhost:4000
[2025-09-09 12:24:46.287] info: [REDIS] Connected to Redis
[2025-09-09 12:24:46.332] info: [PRISMA] : connected to database
[2025-09-09 12:24:46.780] info: Server is running at http://localhost:4000
[2025-09-09 12:24:46.784] info: [REDIS] Connected to Redis
[2025-09-09 12:24:48.452] info: Server is running at http://localhost:4000
[2025-09-09 12:24:48.457] info: [REDIS] Connected to Redis
[2025-09-09 12:24:48.501] info: [PRISMA] : connected to database
[2025-09-09 12:24:49.628] info: Server is running at http://localhost:4000
[2025-09-09 12:24:49.632] info: [REDIS] Connected to Redis
[2025-09-09 12:24:49.670] info: [PRISMA] : connected to database
[2025-09-09 12:24:51.126] info: [EMAIL] connected to service
[2025-09-09 12:24:52.478] info: Server is running at http://localhost:4000
[2025-09-09 12:24:52.482] info: [REDIS] Connected to Redis
[2025-09-09 12:24:52.521] info: [PRISMA] : connected to database
[2025-09-09 12:24:54.661] info: Server is running at http://localhost:4000
[2025-09-09 12:24:54.666] info: [REDIS] Connected to Redis
[2025-09-09 12:24:54.709] info: [PRISMA] : connected to database
[2025-09-09 12:24:56.328] info: [EMAIL] connected to service
[2025-09-09 12:25:03.756] info: Server is running at http://localhost:4000
[2025-09-09 12:25:03.761] info: [REDIS] Connected to Redis
[2025-09-09 12:25:03.803] info: [PRISMA] : connected to database
[2025-09-09 12:25:05.731] info: [EMAIL] connected to service
[2025-09-09 12:25:06.835] info: Server is running at http://localhost:4000
[2025-09-09 12:25:06.839] info: [REDIS] Connected to Redis
[2025-09-09 12:25:06.881] info: [PRISMA] : connected to database
[2025-09-09 12:25:09.766] info: [EMAIL] connected to service
[2025-09-09 12:25:24.757] warn: [USER_SERVICE] User not found with email suraj@gmail.com 
[2025-09-09 12:25:24.758] debug: i am here 1
[2025-09-09 12:25:24.802] debug: i am here 2
[2025-09-09 12:25:24.803] error: [SERVER] error  Failed to save otp in redis
[2025-09-09 12:25:36.416] info: Server is running at http://localhost:4000
[2025-09-09 12:25:36.421] info: [REDIS] Connected to Redis
[2025-09-09 12:25:36.463] info: [PRISMA] : connected to database
[2025-09-09 12:25:38.066] info: [EMAIL] connected to service
[2025-09-09 12:25:39.551] info: Server is running at http://localhost:4000
[2025-09-09 12:25:39.555] info: [REDIS] Connected to Redis
[2025-09-09 12:25:39.594] info: [PRISMA] : connected to database
[2025-09-09 12:25:41.372] info: [EMAIL] connected to service
[2025-09-09 12:25:46.975] info: Server is running at http://localhost:4000
[2025-09-09 12:25:46.980] info: [REDIS] Connected to Redis
[2025-09-09 12:25:47.019] info: [PRISMA] : connected to database
[2025-09-09 12:25:48.056] info: Server is running at http://localhost:4000
[2025-09-09 12:25:48.061] info: [REDIS] Connected to Redis
[2025-09-09 12:25:48.103] info: [PRISMA] : connected to database
[2025-09-09 12:25:49.628] info: [EMAIL] connected to service
[2025-09-09 12:25:56.793] info: Server is running at http://localhost:4000
[2025-09-09 12:25:56.797] info: [REDIS] Connected to Redis
[2025-09-09 12:25:56.837] info: [PRISMA] : connected to database
[2025-09-09 12:25:58.986] info: [EMAIL] connected to service
[2025-09-09 12:26:14.688] info: Server is running at http://localhost:4000
[2025-09-09 12:26:14.693] info: [REDIS] Connected to Redis
[2025-09-09 12:26:14.729] info: [PRISMA] : connected to database
[2025-09-09 12:26:15.789] info: Server is running at http://localhost:4000
[2025-09-09 12:26:15.794] info: [REDIS] Connected to Redis
[2025-09-09 12:26:15.836] info: [PRISMA] : connected to database
[2025-09-09 12:26:18.643] info: [EMAIL] connected to service
[2025-09-09 12:26:19.485] info: Server is running at http://localhost:4000
[2025-09-09 12:26:19.490] info: [REDIS] Connected to Redis
[2025-09-09 12:26:19.525] info: [PRISMA] : connected to database
[2025-09-09 12:26:20.390] info: Server is running at http://localhost:4000
[2025-09-09 12:26:20.395] info: [REDIS] Connected to Redis
[2025-09-09 12:26:20.430] info: [PRISMA] : connected to database
[2025-09-09 12:26:22.592] info: Server is running at http://localhost:4000
[2025-09-09 12:26:22.597] info: [REDIS] Connected to Redis
[2025-09-09 12:26:22.635] info: [PRISMA] : connected to database
[2025-09-09 12:26:23.299] info: Server is running at http://localhost:4000
[2025-09-09 12:26:23.304] info: [REDIS] Connected to Redis
[2025-09-09 12:26:23.346] info: [PRISMA] : connected to database
[2025-09-09 12:26:25.006] info: [EMAIL] connected to service
[2025-09-09 12:26:26.969] info: Server is running at http://localhost:4000
[2025-09-09 12:26:26.974] info: [REDIS] Connected to Redis
[2025-09-09 12:26:27.018] info: [PRISMA] : connected to database
[2025-09-09 12:26:27.427] info: Server is running at http://localhost:4000
[2025-09-09 12:26:27.432] info: [REDIS] Connected to Redis
[2025-09-09 12:26:27.479] info: [PRISMA] : connected to database
[2025-09-09 12:26:29.403] info: [EMAIL] connected to service
[2025-09-09 12:26:33.145] warn: [USER_SERVICE] User not found with email suraj@gmail.com 
[2025-09-09 12:26:33.184] debug: i am here 2
[2025-09-09 12:26:33.185] error: [SERVER] error  Failed to save otp in redis
[2025-09-09 12:26:47.397] info: Server is running at http://localhost:4000
[2025-09-09 12:26:47.403] info: [REDIS] Connected to Redis
[2025-09-09 12:26:47.448] info: [PRISMA] : connected to database
[2025-09-09 12:26:49.580] info: [EMAIL] connected to service
[2025-09-09 12:26:50.302] info: Server is running at http://localhost:4000
[2025-09-09 12:26:50.306] info: [REDIS] Connected to Redis
[2025-09-09 12:26:50.345] info: [PRISMA] : connected to database
[2025-09-09 12:26:51.823] info: [EMAIL] connected to service
[2025-09-09 12:27:50.275] info: Server is running at http://localhost:4000
[2025-09-09 12:27:50.280] info: [REDIS] Connected to Redis
[2025-09-09 12:27:50.321] info: [PRISMA] : connected to database
[2025-09-09 12:27:50.746] info: Server is running at http://localhost:4000
[2025-09-09 12:27:50.750] info: [REDIS] Connected to Redis
[2025-09-09 12:27:50.793] info: [PRISMA] : connected to database
[2025-09-09 12:27:51.329] info: Server is running at http://localhost:4000
[2025-09-09 12:27:51.334] info: [REDIS] Connected to Redis
[2025-09-09 12:27:51.375] info: [PRISMA] : connected to database
[2025-09-09 12:27:52.929] info: [EMAIL] connected to service
[2025-09-09 12:27:56.419] info: Server is running at http://localhost:4000
[2025-09-09 12:27:56.424] info: [REDIS] Connected to Redis
[2025-09-09 12:27:56.466] info: [PRISMA] : connected to database
[2025-09-09 12:27:57.293] info: Server is running at http://localhost:4000
[2025-09-09 12:27:57.298] info: [REDIS] Connected to Redis
[2025-09-09 12:27:57.339] info: [PRISMA] : connected to database
[2025-09-09 12:27:58.799] info: [EMAIL] connected to service
[2025-09-09 12:28:00.806] warn: [USER_SERVICE] User not found with email suraj@gmail.com 
[2025-09-09 12:28:00.846] debug: i am here 1
[2025-09-09 12:28:00.847] debug: i am here 1
[2025-09-09 12:28:00.848] error: [SERVER] error  Failed to save otp in redis
[2025-09-09 12:28:18.594] info: Server is running at http://localhost:4000
[2025-09-09 12:28:18.598] info: [REDIS] Connected to Redis
[2025-09-09 12:28:18.642] info: [PRISMA] : connected to database
[2025-09-09 12:28:21.071] info: Server is running at http://localhost:4000
[2025-09-09 12:28:21.076] info: [REDIS] Connected to Redis
[2025-09-09 12:28:21.118] info: [PRISMA] : connected to database
[2025-09-09 12:28:22.727] info: [EMAIL] connected to service
[2025-09-09 12:29:12.969] info: Server is running at http://localhost:4000
[2025-09-09 12:29:12.973] info: [REDIS] Connected to Redis
[2025-09-09 12:29:13.015] info: [PRISMA] : connected to database
[2025-09-09 12:29:14.519] info: [EMAIL] connected to service
[2025-09-09 12:29:24.398] info: Server is running at http://localhost:4000
[2025-09-09 12:29:24.404] info: [REDIS] Connected to Redis
[2025-09-09 12:29:24.450] info: [PRISMA] : connected to database
[2025-09-09 12:29:25.487] info: Server is running at http://localhost:4000
[2025-09-09 12:29:25.492] info: [REDIS] Connected to Redis
[2025-09-09 12:29:25.537] info: [PRISMA] : connected to database
[2025-09-09 12:29:26.425] info: Server is running at http://localhost:4000
[2025-09-09 12:29:26.430] info: [REDIS] Connected to Redis
[2025-09-09 12:29:26.472] info: [PRISMA] : connected to database
[2025-09-09 12:29:26.934] info: Server is running at http://localhost:4000
[2025-09-09 12:29:26.939] info: [REDIS] Connected to Redis
[2025-09-09 12:29:26.986] info: [PRISMA] : connected to database
[2025-09-09 12:29:28.000] info: Server is running at http://localhost:4000
[2025-09-09 12:29:28.005] info: [REDIS] Connected to Redis
[2025-09-09 12:29:28.048] info: [PRISMA] : connected to database
[2025-09-09 12:29:28.848] info: Server is running at http://localhost:4000
[2025-09-09 12:29:28.853] info: [REDIS] Connected to Redis
[2025-09-09 12:29:28.899] info: [PRISMA] : connected to database
[2025-09-09 12:29:31.355] info: Server is running at http://localhost:4000
[2025-09-09 12:29:31.360] info: [REDIS] Connected to Redis
[2025-09-09 12:29:31.402] info: [PRISMA] : connected to database
[2025-09-09 12:29:36.280] info: Server is running at http://localhost:4000
[2025-09-09 12:29:36.285] info: [REDIS] Connected to Redis
[2025-09-09 12:29:36.329] info: [PRISMA] : connected to database
[2025-09-09 12:29:36.951] info: Server is running at http://localhost:4000
[2025-09-09 12:29:36.955] info: [REDIS] Connected to Redis
[2025-09-09 12:29:36.998] info: [PRISMA] : connected to database
[2025-09-09 12:29:39.003] info: Server is running at http://localhost:4000
[2025-09-09 12:29:39.008] info: [REDIS] Connected to Redis
[2025-09-09 12:29:39.047] info: [PRISMA] : connected to database
[2025-09-09 12:29:41.031] info: Server is running at http://localhost:4000
[2025-09-09 12:29:41.036] info: [REDIS] Connected to Redis
[2025-09-09 12:29:41.090] info: [PRISMA] : connected to database
[2025-09-09 12:29:41.827] info: Server is running at http://localhost:4000
[2025-09-09 12:29:41.831] info: [REDIS] Connected to Redis
[2025-09-09 12:29:41.872] info: [PRISMA] : connected to database
[2025-09-09 12:29:42.975] info: Server is running at http://localhost:4000
[2025-09-09 12:29:42.980] info: [REDIS] Connected to Redis
[2025-09-09 12:29:43.020] info: [PRISMA] : connected to database
[2025-09-09 12:29:43.588] info: Server is running at http://localhost:4000
[2025-09-09 12:29:43.592] info: [REDIS] Connected to Redis
[2025-09-09 12:29:43.635] info: [PRISMA] : connected to database
[2025-09-09 12:29:45.136] info: [EMAIL] connected to service
[2025-09-09 12:29:45.835] info: Server is running at http://localhost:4000
[2025-09-09 12:29:45.840] info: [REDIS] Connected to Redis
[2025-09-09 12:29:45.884] info: [PRISMA] : connected to database
[2025-09-09 12:29:46.503] info: Server is running at http://localhost:4000
[2025-09-09 12:29:46.508] info: [REDIS] Connected to Redis
[2025-09-09 12:29:46.545] info: [PRISMA] : connected to database
[2025-09-09 12:29:48.256] info: [EMAIL] connected to service
[2025-09-09 12:29:59.004] warn: [USER_SERVICE] User not found with email suraj@gmail.com 
[2025-09-09 12:29:59.054] debug: generate otp : 
[2025-09-09 12:29:59.055] error: [SERVER] error  Failed to save otp in redis
[2025-09-09 12:30:29.666] info: Server is running at http://localhost:4000
[2025-09-09 12:30:29.671] info: [REDIS] Connected to Redis
[2025-09-09 12:30:29.714] info: [PRISMA] : connected to database
[2025-09-09 12:30:32.134] info: [EMAIL] connected to service
[2025-09-09 12:30:32.720] warn: [USER_SERVICE] User not found with email suraj@gmail.com 
[2025-09-09 12:30:32.765] debug: generate otp : 
[2025-09-09 12:30:32.765] error: [SERVER] error  Failed to save otp in redis
[2025-09-09 12:32:23.248] info: Server is running at http://localhost:4000
[2025-09-09 12:32:23.253] info: [REDIS] Connected to Redis
[2025-09-09 12:32:23.291] info: [PRISMA] : connected to database
[2025-09-09 12:32:25.227] info: Server is running at http://localhost:4000
[2025-09-09 12:32:25.232] info: [REDIS] Connected to Redis
[2025-09-09 12:32:25.277] info: [PRISMA] : connected to database
[2025-09-09 12:32:26.288] info: Server is running at http://localhost:4000
[2025-09-09 12:32:26.292] info: [REDIS] Connected to Redis
[2025-09-09 12:32:26.332] info: [PRISMA] : connected to database
[2025-09-09 12:32:27.851] info: [EMAIL] connected to service
[2025-09-09 12:32:35.318] info: Server is running at http://localhost:4000
[2025-09-09 12:32:35.323] info: [REDIS] Connected to Redis
[2025-09-09 12:32:35.367] info: [PRISMA] : connected to database
[2025-09-09 12:32:38.017] info: Server is running at http://localhost:4000
[2025-09-09 12:32:38.023] info: [REDIS] Connected to Redis
[2025-09-09 12:32:40.834] info: Server is running at http://localhost:4000
[2025-09-09 12:32:40.840] info: [REDIS] Connected to Redis
[2025-09-09 12:32:40.883] info: [PRISMA] : connected to database
[2025-09-09 12:32:41.323] debug: 
[2025-09-09 12:32:41.354] info: Server is running at http://localhost:4000
[2025-09-09 12:32:41.358] info: [REDIS] Connected to Redis
[2025-09-09 12:32:41.403] info: [PRISMA] : connected to database
[2025-09-09 12:32:42.064] debug: 
[2025-09-09 12:32:42.092] info: Server is running at http://localhost:4000
[2025-09-09 12:32:42.097] info: [REDIS] Connected to Redis
[2025-09-09 12:32:42.142] info: [PRISMA] : connected to database
[2025-09-09 12:32:43.742] info: [EMAIL] connected to service
[2025-09-09 12:32:45.084] debug: function generateCode(){return Math.floor(1e5+Math.random()*9e5).toString()}
[2025-09-09 12:32:45.115] info: Server is running at http://localhost:4000
[2025-09-09 12:32:45.120] info: [REDIS] Connected to Redis
[2025-09-09 12:32:45.164] info: [PRISMA] : connected to database
[2025-09-09 12:32:45.992] debug: 326273
[2025-09-09 12:32:46.024] info: Server is running at http://localhost:4000
[2025-09-09 12:32:46.029] info: [REDIS] Connected to Redis
[2025-09-09 12:32:46.072] info: [PRISMA] : connected to database
[2025-09-09 12:32:47.546] info: [EMAIL] connected to service
[2025-09-09 12:32:50.283] info: Server is running at http://localhost:4000
[2025-09-09 12:32:50.288] info: [REDIS] Connected to Redis
[2025-09-09 12:32:50.333] info: [PRISMA] : connected to database
[2025-09-09 12:32:51.414] info: Server is running at http://localhost:4000
[2025-09-09 12:32:51.418] info: [REDIS] Connected to Redis
[2025-09-09 12:32:51.460] info: [PRISMA] : connected to database
[2025-09-09 12:32:53.664] info: [EMAIL] connected to service
[2025-09-09 12:32:56.153] warn: [USER_SERVICE] User not found with email suraj@gmail.com 
[2025-09-09 12:32:56.195] debug: generate otp : 
[2025-09-09 12:32:56.195] error: [SERVER] error  Failed to save otp in redis
[2025-09-09 12:33:11.156] info: Server is running at http://localhost:4000
[2025-09-09 12:33:11.161] info: [REDIS] Connected to Redis
[2025-09-09 12:33:11.206] info: [PRISMA] : connected to database
[2025-09-09 12:33:13.502] info: [EMAIL] connected to service
[2025-09-09 12:33:16.812] info: Server is running at http://localhost:4000
[2025-09-09 12:33:16.817] info: [REDIS] Connected to Redis
[2025-09-09 12:33:16.861] info: [PRISMA] : connected to database
[2025-09-09 12:33:17.537] info: Server is running at http://localhost:4000
[2025-09-09 12:33:17.542] info: [REDIS] Connected to Redis
[2025-09-09 12:33:17.582] info: [PRISMA] : connected to database
[2025-09-09 12:33:18.799] info: Server is running at http://localhost:4000
[2025-09-09 12:33:18.804] info: [REDIS] Connected to Redis
[2025-09-09 12:33:20.174] info: Server is running at http://localhost:4000
[2025-09-09 12:33:21.652] info: Server is running at http://localhost:4000
[2025-09-09 12:33:21.657] info: [REDIS] Connected to Redis
[2025-09-09 12:33:21.700] info: [PRISMA] : connected to database
[2025-09-09 12:33:23.168] info: [EMAIL] connected to service
[2025-09-09 12:33:24.435] warn: [USER_SERVICE] User not found with email suraj@gmail.com 
[2025-09-09 12:33:24.483] debug: 423397 , generated otp
[2025-09-09 12:33:24.484] error: [SERVER] error  Failed to save otp in redis
[2025-09-09 12:33:28.271] info: Server is running at http://localhost:4000
[2025-09-09 12:33:28.276] info: [REDIS] Connected to Redis
[2025-09-09 12:33:28.320] info: [PRISMA] : connected to database
[2025-09-09 12:33:30.505] info: [EMAIL] connected to service
[2025-09-09 12:40:08.711] info: Server is running at http://localhost:4000
[2025-09-09 12:40:08.716] info: [REDIS] Connected to Redis
[2025-09-09 12:40:09.149] info: Server is running at http://localhost:4000
[2025-09-09 12:40:09.154] info: [REDIS] Connected to Redis
[2025-09-09 12:40:09.196] info: [PRISMA] : connected to database
[2025-09-09 12:40:10.654] info: [EMAIL] connected to service
[2025-09-09 12:40:14.490] info: Server is running at http://localhost:4000
[2025-09-09 12:40:14.495] info: [REDIS] Connected to Redis
[2025-09-09 12:40:14.537] info: [PRISMA] : connected to database
[2025-09-09 12:40:16.897] info: Server is running at http://localhost:4000
[2025-09-09 12:40:16.903] info: [REDIS] Connected to Redis
[2025-09-09 12:40:16.946] info: [PRISMA] : connected to database
[2025-09-09 12:40:18.631] info: Server is running at http://localhost:4000
[2025-09-09 12:40:18.635] info: [REDIS] Connected to Redis
[2025-09-09 12:40:18.677] info: [PRISMA] : connected to database
[2025-09-09 12:40:19.582] info: Server is running at http://localhost:4000
[2025-09-09 12:40:19.587] info: [REDIS] Connected to Redis
[2025-09-09 12:40:21.418] info: Server is running at http://localhost:4000
[2025-09-09 12:40:21.422] info: [REDIS] Connected to Redis
[2025-09-09 12:40:23.093] info: Server is running at http://localhost:4000
[2025-09-09 12:40:23.098] info: [REDIS] Connected to Redis
[2025-09-09 12:40:29.446] info: Server is running at http://localhost:4000
[2025-09-09 12:40:29.450] info: [REDIS] Connected to Redis
[2025-09-09 12:40:29.859] info: Server is running at http://localhost:4000
[2025-09-09 12:40:29.864] info: [REDIS] Connected to Redis
[2025-09-09 12:40:29.907] info: [PRISMA] : connected to database
[2025-09-09 12:40:31.346] info: Server is running at http://localhost:4000
[2025-09-09 12:40:31.351] info: [REDIS] Connected to Redis
[2025-09-09 12:40:31.393] info: [PRISMA] : connected to database
[2025-09-09 12:40:33.491] info: [EMAIL] connected to service
[2025-09-09 12:40:54.237] info: Server is running at http://localhost:4000
[2025-09-09 12:40:54.241] info: [REDIS] Connected to Redis
[2025-09-09 12:40:54.284] info: [PRISMA] : connected to database
[2025-09-09 12:40:56.241] info: Server is running at http://localhost:4000
[2025-09-09 12:40:56.246] info: [REDIS] Connected to Redis
[2025-09-09 12:40:56.282] info: [PRISMA] : connected to database
[2025-09-09 12:40:57.700] info: [EMAIL] connected to service
[2025-09-09 12:41:07.449] info: Server is running at http://localhost:4000
[2025-09-09 12:41:07.454] info: [REDIS] Connected to Redis
[2025-09-09 12:41:07.496] info: [PRISMA] : connected to database
[2025-09-09 12:41:09.501] info: Server is running at http://localhost:4000
[2025-09-09 12:41:09.505] info: [REDIS] Connected to Redis
[2025-09-09 12:41:09.542] info: [PRISMA] : connected to database
[2025-09-09 12:41:10.394] info: Server is running at http://localhost:4000
[2025-09-09 12:41:10.399] info: [REDIS] Connected to Redis
[2025-09-09 12:41:10.442] info: [PRISMA] : connected to database
[2025-09-09 12:41:13.127] info: Server is running at http://localhost:4000
[2025-09-09 12:41:13.132] info: [REDIS] Connected to Redis
[2025-09-09 12:41:13.174] info: [PRISMA] : connected to database
[2025-09-09 12:41:15.378] info: [EMAIL] connected to service
[2025-09-09 12:41:16.579] info: Server is running at http://localhost:4000
[2025-09-09 12:41:16.584] info: [REDIS] Connected to Redis
[2025-09-09 12:41:16.620] info: [PRISMA] : connected to database
[2025-09-09 12:41:18.149] info: [EMAIL] connected to service
[2025-09-09 12:41:18.924] info: Server is running at http://localhost:4000
[2025-09-09 12:41:18.929] info: [REDIS] Connected to Redis
[2025-09-09 12:41:18.967] info: [PRISMA] : connected to database
[2025-09-09 12:41:20.983] info: Server is running at http://localhost:4000
[2025-09-09 12:41:20.989] info: [REDIS] Connected to Redis
[2025-09-09 12:41:21.027] info: [PRISMA] : connected to database
[2025-09-09 12:41:22.624] info: [EMAIL] connected to service
[2025-09-09 12:41:23.082] info: Server is running at http://localhost:4000
[2025-09-09 12:41:23.087] info: [REDIS] Connected to Redis
[2025-09-09 12:41:23.131] info: [PRISMA] : connected to database
[2025-09-09 12:41:24.920] info: Server is running at http://localhost:4000
[2025-09-09 12:41:24.925] info: [REDIS] Connected to Redis
[2025-09-09 12:41:24.967] info: [PRISMA] : connected to database
[2025-09-09 12:41:26.544] info: [EMAIL] connected to service
[2025-09-09 12:41:28.848] info: Server is running at http://localhost:4000
[2025-09-09 12:41:28.853] info: [REDIS] Connected to Redis
[2025-09-09 12:41:28.892] info: [PRISMA] : connected to database
[2025-09-09 12:41:31.158] info: [EMAIL] connected to service
[2025-09-09 12:42:02.727] info: Server is running at http://localhost:4000
[2025-09-09 12:42:02.731] info: [REDIS] Connected to Redis
[2025-09-09 12:42:02.774] info: [PRISMA] : connected to database
[2025-09-09 12:42:04.335] info: [EMAIL] connected to service
[2025-09-09 12:42:05.821] info: Server is running at http://localhost:4000
[2025-09-09 12:42:05.826] info: [REDIS] Connected to Redis
[2025-09-09 12:42:05.867] info: [PRISMA] : connected to database
[2025-09-09 12:42:07.068] info: Server is running at http://localhost:4000
[2025-09-09 12:42:07.073] info: [REDIS] Connected to Redis
[2025-09-09 12:42:07.115] info: [PRISMA] : connected to database
[2025-09-09 12:42:08.536] info: Server is running at http://localhost:4000
[2025-09-09 12:42:08.540] info: [REDIS] Connected to Redis
[2025-09-09 12:42:08.584] info: [PRISMA] : connected to database
[2025-09-09 12:42:10.096] info: [EMAIL] connected to service
[2025-09-09 12:42:29.388] info: Server is running at http://localhost:4000
[2025-09-09 12:42:29.393] info: [REDIS] Connected to Redis
[2025-09-09 12:42:29.431] info: [PRISMA] : connected to database
[2025-09-09 12:42:30.751] info: Server is running at http://localhost:4000
[2025-09-09 12:42:30.756] info: [REDIS] Connected to Redis
[2025-09-09 12:42:30.798] info: [PRISMA] : connected to database
[2025-09-09 12:46:51.215] info: Server is running at http://localhost:4000
[2025-09-09 12:46:51.220] info: [REDIS] Connected to Redis
[2025-09-09 12:46:51.257] info: [PRISMA] : connected to database
[2025-09-09 12:46:52.799] info: [EMAIL] connected to service
[2025-09-09 12:47:20.469] info: Server is running at http://localhost:4000
[2025-09-09 12:47:20.473] info: [REDIS] Connected to Redis
[2025-09-09 12:47:20.516] info: [PRISMA] : connected to database
[2025-09-09 12:47:21.878] info: Server is running at http://localhost:4000
[2025-09-09 12:47:21.883] info: [REDIS] Connected to Redis
[2025-09-09 12:47:21.897] debug: Redis : value : bar 
[2025-09-09 12:47:21.923] info: [PRISMA] : connected to database
[2025-09-09 12:47:22.708] info: Server is running at http://localhost:4000
[2025-09-09 12:47:22.713] info: [REDIS] Connected to Redis
[2025-09-09 12:47:22.728] debug: Redis : value : bar 
[2025-09-09 12:47:22.757] info: [PRISMA] : connected to database
[2025-09-09 12:47:24.341] info: [EMAIL] connected to service
[2025-09-09 12:47:44.481] info: Server is running at http://localhost:4000
[2025-09-09 12:47:44.486] info: [REDIS] Connected to Redis
[2025-09-09 12:47:44.526] info: [PRISMA] : connected to database
[2025-09-09 12:47:46.090] info: [EMAIL] connected to service
[2025-09-09 12:47:47.816] info: Server is running at http://localhost:4000
[2025-09-09 12:47:47.820] info: [REDIS] Connected to Redis
[2025-09-09 12:47:47.862] info: [PRISMA] : connected to database
[2025-09-09 12:47:49.327] info: [EMAIL] connected to service
[2025-09-09 12:47:58.432] info: Server is running at http://localhost:4000
[2025-09-09 12:47:58.437] info: [REDIS] Connected to Redis
[2025-09-09 12:47:58.479] info: [PRISMA] : connected to database
[2025-09-09 12:48:03.707] info: Server is running at http://localhost:4000
[2025-09-09 12:48:03.712] info: [REDIS] Connected to Redis
[2025-09-09 12:48:03.755] info: [PRISMA] : connected to database
[2025-09-09 12:48:05.237] info: [EMAIL] connected to service
[2025-09-09 12:48:16.294] info: Server is running at http://localhost:4000
[2025-09-09 12:48:16.299] info: [REDIS] Connected to Redis
[2025-09-09 12:48:16.345] info: [PRISMA] : connected to database
[2025-09-09 12:48:17.881] info: [EMAIL] connected to service
[2025-09-09 12:48:41.385] info: Server is running at http://localhost:4000
[2025-09-09 12:48:41.390] info: [REDIS] Connected to Redis
[2025-09-09 12:48:41.432] info: [PRISMA] : connected to database
[2025-09-09 12:49:16.750] info: Server is running at http://localhost:4000
[2025-09-09 12:49:16.755] info: [REDIS] Connected to Redis
[2025-09-09 12:49:16.799] info: [PRISMA] : connected to database
[2025-09-09 12:49:17.967] info: Server is running at http://localhost:4000
[2025-09-09 12:49:17.971] info: [REDIS] Connected to Redis
[2025-09-09 12:49:18.009] info: [PRISMA] : connected to database
[2025-09-09 12:49:19.389] info: Server is running at http://localhost:4000
[2025-09-09 12:49:19.394] info: [REDIS] Connected to Redis
[2025-09-09 12:49:19.436] info: [PRISMA] : connected to database
[2025-09-09 12:49:22.216] info: Server is running at http://localhost:4000
[2025-09-09 12:49:22.221] info: [REDIS] Connected to Redis
[2025-09-09 12:49:22.258] info: [PRISMA] : connected to database
[2025-09-09 12:49:23.745] info: [EMAIL] connected to service
[2025-09-09 12:49:25.269] info: Server is running at http://localhost:4000
[2025-09-09 12:49:25.274] info: [REDIS] Connected to Redis
[2025-09-09 12:49:25.290] debug: Redis : value : bar 
[2025-09-09 12:49:25.324] info: [PRISMA] : connected to database
[2025-09-09 12:49:26.774] info: [EMAIL] connected to service
[2025-09-09 12:49:44.446] info: Server is running at http://localhost:4000
[2025-09-09 12:49:44.451] info: [REDIS] Connected to Redis
[2025-09-09 12:49:44.489] info: [PRISMA] : connected to database
[2025-09-09 12:49:45.759] info: Server is running at http://localhost:4000
[2025-09-09 12:49:45.763] info: [REDIS] Connected to Redis
[2025-09-09 12:49:45.807] info: [PRISMA] : connected to database
[2025-09-09 12:49:47.626] info: Server is running at http://localhost:4000
[2025-09-09 12:49:47.630] info: [REDIS] Connected to Redis
[2025-09-09 12:49:47.674] info: [PRISMA] : connected to database
[2025-09-09 12:49:54.410] info: Server is running at http://localhost:4000
[2025-09-09 12:49:54.415] info: [REDIS] Connected to Redis
[2025-09-09 12:49:54.453] info: [PRISMA] : connected to database
[2025-09-09 12:49:55.936] info: [EMAIL] connected to service
[2025-09-09 12:50:07.603] info: Server is running at http://localhost:4000
[2025-09-09 12:50:07.608] info: [REDIS] Connected to Redis
[2025-09-09 12:50:07.649] info: [PRISMA] : connected to database
[2025-09-09 12:50:09.290] info: Server is running at http://localhost:4000
[2025-09-09 12:50:09.295] info: [REDIS] Connected to Redis
[2025-09-09 12:50:09.331] info: [PRISMA] : connected to database
[2025-09-09 12:50:09.875] info: Server is running at http://localhost:4000
[2025-09-09 12:50:09.880] info: [REDIS] Connected to Redis
[2025-09-09 12:50:09.924] info: [PRISMA] : connected to database
[2025-09-09 12:50:10.501] info: Server is running at http://localhost:4000
[2025-09-09 12:50:10.506] info: [REDIS] Connected to Redis
[2025-09-09 12:50:10.545] info: [PRISMA] : connected to database
[2025-09-09 12:50:11.075] info: Server is running at http://localhost:4000
[2025-09-09 12:50:11.081] info: [REDIS] Connected to Redis
[2025-09-09 12:50:11.123] info: [PRISMA] : connected to database
[2025-09-09 12:50:12.699] info: [EMAIL] connected to service
[2025-09-09 12:50:15.885] info: Server is running at http://localhost:4000
[2025-09-09 12:50:15.891] info: [REDIS] Connected to Redis
[2025-09-09 12:50:15.936] info: [PRISMA] : connected to database
[2025-09-09 12:50:16.918] info: Server is running at http://localhost:4000
[2025-09-09 12:50:16.923] info: [REDIS] Connected to Redis
[2025-09-09 12:50:16.966] info: [PRISMA] : connected to database
[2025-09-09 12:50:18.449] info: [EMAIL] connected to service
[2025-09-09 12:50:23.138] info: Server is running at http://localhost:4000
[2025-09-09 12:50:23.145] info: [REDIS] Connected to Redis
[2025-09-09 12:50:23.191] info: [PRISMA] : connected to database
[2025-09-09 12:50:24.684] info: [EMAIL] connected to service
[2025-09-09 12:50:32.026] info: Server is running at http://localhost:4000
[2025-09-09 12:50:32.032] info: [REDIS] Connected to Redis
[2025-09-09 12:50:32.076] info: [PRISMA] : connected to database
[2025-09-09 12:50:33.503] info: [EMAIL] connected to service
[2025-09-09 12:50:35.771] info: Server is running at http://localhost:4000
[2025-09-09 12:50:35.775] info: [REDIS] Connected to Redis
[2025-09-09 12:50:35.815] info: [PRISMA] : connected to database
[2025-09-09 12:50:37.944] info: [EMAIL] connected to service
[2025-09-09 12:50:39.077] info: Server is running at http://localhost:4000
[2025-09-09 12:50:39.082] info: [REDIS] Connected to Redis
[2025-09-09 12:50:39.098] debug: Redis : value : bar 
[2025-09-09 12:50:39.128] info: [PRISMA] : connected to database
[2025-09-09 12:50:41.293] info: [EMAIL] connected to service
[2025-09-09 12:51:47.064] info: Server is running at http://localhost:4000
[2025-09-09 12:51:47.069] info: [REDIS] Connected to Redis
[2025-09-09 12:51:47.085] debug: Redis : value : off 
[2025-09-09 12:51:47.114] info: [PRISMA] : connected to database
[2025-09-09 12:51:48.672] info: [EMAIL] connected to service
[2025-09-09 12:52:20.144] info: Server is running at http://localhost:4000
[2025-09-09 12:52:20.150] info: [REDIS] Connected to Redis
[2025-09-09 12:52:20.195] info: [PRISMA] : connected to database
[2025-09-09 12:52:21.650] info: [EMAIL] connected to service
[2025-09-09 12:52:22.675] info: Server is running at http://localhost:4000
[2025-09-09 12:52:22.680] info: [REDIS] Connected to Redis
[2025-09-09 12:52:22.723] info: [PRISMA] : connected to database
[2025-09-09 12:52:24.805] info: [EMAIL] connected to service
[2025-09-09 12:52:34.671] info: Server is running at http://localhost:4000
[2025-09-09 12:52:34.676] info: [REDIS] Connected to Redis
[2025-09-09 12:52:34.714] info: [PRISMA] : connected to database
[2025-09-09 12:52:36.197] info: [EMAIL] connected to service
[2025-09-09 12:53:50.387] info: Server is running at http://localhost:4000
[2025-09-09 12:53:50.392] info: [REDIS] Connected to Redis
[2025-09-09 12:53:50.434] info: [PRISMA] : connected to database
[2025-09-09 12:53:52.509] info: Server is running at http://localhost:4000
[2025-09-09 12:53:52.513] info: [REDIS] Connected to Redis
[2025-09-09 12:53:52.553] info: [PRISMA] : connected to database
[2025-09-09 12:53:53.722] info: Server is running at http://localhost:4000
[2025-09-09 12:53:53.727] info: [REDIS] Connected to Redis
[2025-09-09 12:53:53.772] info: [PRISMA] : connected to database
[2025-09-09 12:53:55.337] info: Server is running at http://localhost:4000
[2025-09-09 12:53:55.343] info: [REDIS] Connected to Redis
[2025-09-09 12:54:00.043] info: Server is running at http://localhost:4000
[2025-09-09 12:54:00.048] info: [REDIS] Connected to Redis
[2025-09-09 12:54:00.086] info: [PRISMA] : connected to database
[2025-09-09 12:54:01.130] info: Server is running at http://localhost:4000
[2025-09-09 12:54:01.135] info: [REDIS] Connected to Redis
[2025-09-09 12:54:01.180] info: [PRISMA] : connected to database
[2025-09-09 12:54:04.885] info: Server is running at http://localhost:4000
[2025-09-09 12:54:04.890] info: [REDIS] Connected to Redis
[2025-09-09 12:54:04.931] info: [PRISMA] : connected to database
[2025-09-09 12:54:05.770] info: Server is running at http://localhost:4000
[2025-09-09 12:54:05.775] info: [REDIS] Connected to Redis
[2025-09-09 12:54:06.211] info: Server is running at http://localhost:4000
[2025-09-09 12:54:06.216] info: [REDIS] Connected to Redis
[2025-09-09 12:54:06.258] info: [PRISMA] : connected to database
[2025-09-09 12:54:08.526] info: Server is running at http://localhost:4000
[2025-09-09 12:54:08.531] info: [REDIS] Connected to Redis
[2025-09-09 12:54:08.573] info: [PRISMA] : connected to database
[2025-09-09 12:54:10.016] info: [EMAIL] connected to service
[2025-09-09 12:54:11.161] warn: [USER_SERVICE] User not found with email suraj@gmail.com 
[2025-09-09 12:54:11.210] debug: i am here
[2025-09-09 12:54:11.211] error: [SERVER] error  Failed to save otp in redis
[2025-09-09 12:57:13.377] info: Server is running at http://localhost:4000
[2025-09-09 12:57:13.382] info: [REDIS] Connected to Redis
[2025-09-09 12:57:13.417] info: [PRISMA] : connected to database
[2025-09-09 12:57:14.898] info: [EMAIL] connected to service
[2025-09-09 12:57:27.033] info: Server is running at http://localhost:4000
[2025-09-09 12:57:27.040] info: [REDIS] Connected to Redis
[2025-09-09 12:57:27.092] info: [PRISMA] : connected to database
[2025-09-09 12:57:28.559] info: [EMAIL] connected to service
[2025-09-09 12:57:29.456] warn: [USER_SERVICE] User not found with email suraj@gmail.com 
[2025-09-09 12:57:29.495] debug: i am here..
[2025-09-09 12:57:29.496] error: [SERVER] error  Failed to save otp in redis
[2025-09-09 12:57:37.471] info: Server is running at http://localhost:4000
[2025-09-09 12:57:37.476] info: [REDIS] Connected to Redis
[2025-09-09 12:57:37.514] info: [PRISMA] : connected to database
[2025-09-09 12:57:38.997] info: [EMAIL] connected to service
[2025-09-09 12:57:42.562] warn: [USER_SERVICE] User not found with email suraj@gmail.com 
[2025-09-09 12:57:42.603] debug: i am here..
[2025-09-09 12:57:42.604] error: [SERVER] error  Failed to save otp in redis
[2025-09-09 12:58:28.175] info: Server is running at http://localhost:4000
[2025-09-09 12:58:28.180] info: [REDIS] Connected to Redis
[2025-09-09 12:58:28.219] info: [PRISMA] : connected to database
[2025-09-09 12:58:30.295] info: [EMAIL] connected to service
[2025-09-09 12:59:08.464] info: Server is running at http://localhost:4000
[2025-09-09 12:59:08.469] info: [REDIS] Connected to Redis
[2025-09-09 12:59:08.511] info: [PRISMA] : connected to database
[2025-09-09 12:59:09.180] info: Server is running at http://localhost:4000
[2025-09-09 12:59:09.185] info: [REDIS] Connected to Redis
[2025-09-09 12:59:09.228] info: [PRISMA] : connected to database
[2025-09-09 12:59:10.778] info: [EMAIL] connected to service
[2025-09-09 12:59:11.760] info: Server is running at http://localhost:4000
[2025-09-09 12:59:11.766] info: [REDIS] Connected to Redis
[2025-09-09 12:59:11.809] info: [PRISMA] : connected to database
[2025-09-09 12:59:14.447] info: Server is running at http://localhost:4000
[2025-09-09 12:59:14.452] info: [REDIS] Connected to Redis
[2025-09-09 12:59:14.496] info: [PRISMA] : connected to database
[2025-09-09 12:59:16.572] info: Server is running at http://localhost:4000
[2025-09-09 12:59:16.577] info: [REDIS] Connected to Redis
[2025-09-09 12:59:16.616] info: [PRISMA] : connected to database
[2025-09-09 12:59:18.708] info: [EMAIL] connected to service
[2025-09-09 12:59:24.509] info: Server is running at http://localhost:4000
[2025-09-09 12:59:24.516] info: [REDIS] Connected to Redis
[2025-09-09 12:59:24.569] info: [PRISMA] : connected to database
[2025-09-09 12:59:33.546] info: Server is running at http://localhost:4000
[2025-09-09 12:59:33.551] info: [REDIS] Connected to Redis
[2025-09-09 12:59:33.588] info: [PRISMA] : connected to database
[2025-09-09 01:00:55.035] info: Server is running at http://localhost:4000
[2025-09-09 01:00:55.039] info: [REDIS] Connected to Redis
[2025-09-09 01:00:55.082] info: [PRISMA] : connected to database
[2025-09-09 01:00:56.522] info: [EMAIL] connected to service
[2025-09-09 01:00:57.033] info: Server is running at http://localhost:4000
[2025-09-09 01:00:57.037] info: [REDIS] Connected to Redis
[2025-09-09 01:00:57.079] info: [PRISMA] : connected to database
[2025-09-09 01:00:57.514] info: Server is running at http://localhost:4000
[2025-09-09 01:00:57.519] info: [REDIS] Connected to Redis
[2025-09-09 01:00:57.557] info: [PRISMA] : connected to database
[2025-09-09 01:00:58.014] info: Server is running at http://localhost:4000
[2025-09-09 01:00:58.020] info: [REDIS] Connected to Redis
[2025-09-09 01:00:58.064] info: [PRISMA] : connected to database
[2025-09-09 01:01:02.369] info: Server is running at http://localhost:4000
[2025-09-09 01:01:02.374] info: [REDIS] Connected to Redis
[2025-09-09 01:01:02.417] info: [PRISMA] : connected to database
[2025-09-09 01:01:04.556] info: [EMAIL] connected to service
[2025-09-09 01:01:05.621] warn: [USER_SERVICE] User not found with email suraj@gmail.com 
[2025-09-09 01:01:05.664] debug: i am here..
[2025-09-09 01:01:05.664] debug: [OTP SERVICE] otp store in redis
[2025-09-09 01:01:08.925] debug: mail successfully sent
[2025-09-09 01:01:08.926] debug: otp : 
[2025-09-09 01:01:29.505] info: Server is running at http://localhost:4000
[2025-09-09 01:01:29.510] info: [REDIS] Connected to Redis
[2025-09-09 01:01:29.547] info: [PRISMA] : connected to database
[2025-09-09 01:01:31.059] info: [EMAIL] connected to service
[2025-09-09 01:02:58.245] info: [USER_SERVICE] : User Created Successfully with ID : 54bef0e3-56f7-4fb3-9907-9152b4eb6a13
[2025-09-09 01:02:58.246] debug: [USER_CONTROLLER] jti value, create user
[2025-09-09 01:02:58.247] error: [SERVER] error  Expected "options" to be a plain object.
[2025-09-09 01:07:01.718] info: Server is running at http://localhost:4000
[2025-09-09 01:07:01.722] info: [REDIS] Connected to Redis
[2025-09-09 01:07:01.724] error: [EMAIL] Service :  Error: getaddrinfo EAI_AGAIN smtp.gmail.com
[2025-09-09 01:07:01.760] info: [PRISMA] : connected to database
[2025-09-09 01:07:03.527] debug: 0
[2025-09-09 01:07:03.528] warn: [REDIS] Key register:suraj@gmail.com not found
[2025-09-09 01:07:03.529] error: [SERVER] error  Registration session expired or not found
[2025-09-09 01:07:17.999] info: [USER SERVICE] User retrieved successfully with email: suraj@gmail.com 
[2025-09-09 01:07:17.999] error: [SERVER] error  User Email already exists
[2025-09-09 01:07:23.837] info: [USER SERVICE] User retrieved successfully with email: suraj@gmail.com 
[2025-09-09 01:07:23.838] error: [SERVER] error  User Email already exists
[2025-09-09 01:07:54.330] info: Server is running at http://localhost:4000
[2025-09-09 01:07:54.335] info: [REDIS] Connected to Redis
[2025-09-09 01:07:54.336] error: [EMAIL] Service :  Error: getaddrinfo EAI_AGAIN smtp.gmail.com
[2025-09-09 01:07:54.373] info: [PRISMA] : connected to database
[2025-09-09 01:07:54.984] info: Server is running at http://localhost:4000
[2025-09-09 01:07:54.989] info: [REDIS] Connected to Redis
[2025-09-09 01:07:54.990] error: [EMAIL] Service :  Error: getaddrinfo EAI_AGAIN smtp.gmail.com
[2025-09-09 01:07:55.024] info: [PRISMA] : connected to database
[2025-09-09 01:07:58.082] info: Server is running at http://localhost:4000
[2025-09-09 01:07:58.087] info: [REDIS] Connected to Redis
[2025-09-09 01:07:58.088] error: [EMAIL] Service :  Error: getaddrinfo EAI_AGAIN smtp.gmail.com
[2025-09-09 01:07:58.125] info: [PRISMA] : connected to database
[2025-09-09 01:08:02.029] info: Server is running at http://localhost:4000
[2025-09-09 01:08:02.034] info: [REDIS] Connected to Redis
[2025-09-09 01:08:02.035] error: [EMAIL] Service :  Error: getaddrinfo EAI_AGAIN smtp.gmail.com
[2025-09-09 01:08:02.071] info: [PRISMA] : connected to database
[2025-09-09 01:08:02.769] info: Server is running at http://localhost:4000
[2025-09-09 01:08:02.773] info: [REDIS] Connected to Redis
[2025-09-09 01:08:02.775] error: [EMAIL] Service :  Error: getaddrinfo EAI_AGAIN smtp.gmail.com
[2025-09-09 01:08:02.809] info: [PRISMA] : connected to database
[2025-09-09 01:08:08.022] info: Server is running at http://localhost:4000
[2025-09-09 01:08:08.027] info: [REDIS] Connected to Redis
[2025-09-09 01:08:08.028] error: [EMAIL] Service :  Error: getaddrinfo EAI_AGAIN smtp.gmail.com
[2025-09-09 01:08:08.063] info: [PRISMA] : connected to database
[2025-09-09 01:08:15.853] info: Server is running at http://localhost:4000
[2025-09-09 01:08:15.858] info: [REDIS] Connected to Redis
[2025-09-09 01:08:15.859] error: [EMAIL] Service :  Error: getaddrinfo EAI_AGAIN smtp.gmail.com
[2025-09-09 01:08:15.895] info: [PRISMA] : connected to database
[2025-09-09 01:08:25.842] warn: [USER_SERVICE] User not found with email suraj1@gmail.com 
[2025-09-09 01:08:25.887] debug: i am here..
[2025-09-09 01:08:25.888] debug: [OTP SERVICE] otp store in redis
[2025-09-09 01:08:25.891] debug: otp : 
[2025-09-09 01:08:44.353] warn: [USER_SERVICE] User not found with email suraj1@gmail.com 
[2025-09-09 01:08:44.392] debug: i am here..
[2025-09-09 01:08:44.392] debug: [OTP SERVICE] otp store in redis
[2025-09-09 01:08:44.393] debug: otp : 
[2025-09-09 01:09:01.495] debug: 0
[2025-09-09 01:09:01.496] debug: 1
[2025-09-09 01:09:01.497] debug: 2
[2025-09-09 01:09:01.504] info: [USER_SERVICE] : User Created Successfully with ID : 0febf112-2af2-4d9b-81bb-6942ec2f0ea5
[2025-09-09 01:09:01.504] debug: 3
[2025-09-09 01:09:01.504] debug: [USER_CONTROLLER] jti value, create user
[2025-09-09 01:09:01.506] error: [SERVER] error  Expected "options" to be a plain object.
[2025-09-09 01:18:27.020] info: Server is running at http://localhost:4000
[2025-09-09 01:18:27.025] info: [REDIS] Connected to Redis
[2025-09-09 01:18:27.026] error: [EMAIL] Service :  Error: getaddrinfo EAI_AGAIN smtp.gmail.com
[2025-09-09 01:18:27.061] info: [PRISMA] : connected to database
[2025-09-09 01:18:30.176] warn: [USER_SERVICE] User not found with email suraj2@gmail.com 
[2025-09-09 01:18:30.221] debug: i am here..
[2025-09-09 01:18:30.222] debug: [OTP SERVICE] otp store in redis
[2025-09-09 01:18:30.226] debug: otp : 
[2025-09-09 01:18:48.681] debug: 0
[2025-09-09 01:18:48.682] debug: 1
[2025-09-09 01:18:48.683] debug: 2
[2025-09-09 01:18:48.689] info: [USER_SERVICE] : User Created Successfully with ID : 5746e7cc-d695-4fad-a6fa-796841a92642
[2025-09-09 01:18:48.689] debug: 3
[2025-09-09 01:18:48.690] debug: [USER_CONTROLLER] jti value, create user : fd51cb58-0fb9-4a05-bb1d-cb9834914d87
[2025-09-09 01:18:48.691] error: [SERVER] error  [TOKEN_SERVICE] JWT Token creation failed
[2025-09-09 01:55:54.022] info: Server is running at http://localhost:4000
[2025-09-09 01:55:54.027] info: [REDIS] Connected to Redis
[2025-09-09 01:55:54.064] info: [PRISMA] : connected to database
[2025-09-09 01:55:56.193] info: [EMAIL] connected to service
[2025-09-09 01:55:59.157] info: [USER SERVICE] User retrieved successfully with email: suraj2@gmail.com 
[2025-09-09 01:55:59.158] error: [SERVER] error  User Email already exists
[2025-09-09 01:56:12.399] warn: [USER_SERVICE] User not found with email suraj3@gmail.com 
[2025-09-09 01:56:12.444] debug: i am here..
[2025-09-09 01:56:12.444] debug: [OTP SERVICE] otp store in redis
[2025-09-09 01:56:15.924] debug: mail successfully sent
[2025-09-09 01:56:15.924] debug: otp : 
[2025-09-09 01:56:33.378] debug: 0
[2025-09-09 01:56:33.379] debug: 1
[2025-09-09 01:56:33.380] debug: 2
[2025-09-09 01:56:33.386] info: [USER_SERVICE] : User Created Successfully with ID : 92fd4d7a-814f-452b-8fdb-43fbfec35203
[2025-09-09 01:56:33.386] debug: 3
[2025-09-09 01:56:33.387] debug: [USER_CONTROLLER] jti value, create user : 1c77c356-3456-45b3-94ef-3c08fa2acdb9
[2025-09-09 01:56:33.389] debug: 4
[2025-09-09 01:56:33.390] debug: 5
[2025-09-09 01:58:35.561] info: Server is running at http://localhost:4000
[2025-09-09 01:58:35.566] info: [REDIS] Connected to Redis
[2025-09-09 01:58:35.602] info: [PRISMA] : connected to database
[2025-09-09 01:58:38.751] info: [EMAIL] connected to service
[2025-09-09 08:59:53.423] error: [REDIS] Failed to Connect to Redis connect ECONNREFUSED 127.0.0.1:6379
[2025-09-09 08:59:53.474] error: [REDIS] Failed to Connect to Redis connect ECONNREFUSED 127.0.0.1:6379
[2025-09-09 08:59:53.495] error: [PRISMA] : failed to connect database :  Can't reach database server at `localhost:5432`

Please make sure your database server is running at `localhost:5432`.
[2025-09-09 08:59:53.538] info: Server is running at http://localhost:4000
[2025-09-09 08:59:54.042] error: [REDIS] Failed to Connect to Redis connect ECONNREFUSED 127.0.0.1:6379
[2025-09-09 08:59:54.104] error: [PRISMA] : failed to connect database :  Can't reach database server at `localhost:5432`

Please make sure your database server is running at `localhost:5432`.
[2025-09-09 08:59:54.104] error: [REDIS] Failed to Connect to Redis connect ECONNREFUSED 127.0.0.1:6379
[2025-09-09 08:59:54.124] info: Server is running at http://localhost:4000
[2025-09-09 09:00:00.379] error: [REDIS] Failed to Connect to Redis connect ECONNREFUSED 127.0.0.1:6379
[2025-09-09 09:00:00.434] error: [PRISMA] : failed to connect database :  Can't reach database server at `localhost:5432`

Please make sure your database server is running at `localhost:5432`.
[2025-09-09 09:00:00.435] error: [REDIS] Failed to Connect to Redis connect ECONNREFUSED 127.0.0.1:6379
[2025-09-09 09:00:00.455] info: Server is running at http://localhost:4000
[2025-09-09 09:00:01.043] error: [REDIS] Failed to Connect to Redis connect ECONNREFUSED 127.0.0.1:6379
[2025-09-09 09:00:01.103] error: [PRISMA] : failed to connect database :  Can't reach database server at `localhost:5432`

Please make sure your database server is running at `localhost:5432`.
[2025-09-09 09:00:01.103] error: [REDIS] Failed to Connect to Redis connect ECONNREFUSED 127.0.0.1:6379
[2025-09-09 09:00:01.124] info: Server is running at http://localhost:4000
[2025-09-09 09:00:14.379] error: [REDIS] Failed to Connect to Redis connect ECONNREFUSED 127.0.0.1:6379
[2025-09-09 09:00:14.423] error: [PRISMA] : failed to connect database :  Can't reach database server at `localhost:5432`

Please make sure your database server is running at `localhost:5432`.
[2025-09-09 09:00:14.441] error: [REDIS] Failed to Connect to Redis connect ECONNREFUSED 127.0.0.1:6379
[2025-09-09 09:00:14.478] info: Server is running at http://localhost:4000
[2025-09-29 05:12:45.435] info: Server is running at http://localhost:4000
[2025-09-29 05:12:45.439] error: [REDIS] Failed to Connect to Redis connect ECONNREFUSED 127.0.0.1:6379
[2025-09-29 05:12:45.490] error: [REDIS] Failed to Connect to Redis connect ECONNREFUSED 127.0.0.1:6379
[2025-09-29 05:12:45.495] error: [PRISMA] : failed to connect database :  Can't reach database server at `localhost:5432`

Please make sure your database server is running at `localhost:5432`.
[2025-09-29 05:12:45.590] error: [REDIS] Failed to Connect to Redis connect ECONNREFUSED 127.0.0.1:6379
[2025-09-29 05:12:45.742] error: [REDIS] Failed to Connect to Redis connect ECONNREFUSED 127.0.0.1:6379
[2025-09-29 05:12:45.944] error: [REDIS] Failed to Connect to Redis connect ECONNREFUSED 127.0.0.1:6379
[2025-09-29 05:12:46.195] error: [REDIS] Failed to Connect to Redis connect ECONNREFUSED 127.0.0.1:6379
[2025-09-29 05:12:46.496] error: [REDIS] Failed to Connect to Redis connect ECONNREFUSED 127.0.0.1:6379
[2025-09-29 05:12:46.848] error: [REDIS] Failed to Connect to Redis connect ECONNREFUSED 127.0.0.1:6379
[2025-09-29 05:12:47.249] error: [REDIS] Failed to Connect to Redis connect ECONNREFUSED 127.0.0.1:6379
[2025-09-29 05:12:47.690] info: [EMAIL] connected to service
[2025-09-29 05:12:47.700] error: [REDIS] Failed to Connect to Redis connect ECONNREFUSED 127.0.0.1:6379
[2025-09-30 11:14:00.995] info: Server is running at http://localhost:4000
[2025-09-30 11:14:00.999] info: [REDIS] Connected to Redis
[2025-09-30 11:14:01.074] info: [PRISMA] : connected to database
[2025-09-30 11:14:02.560] info: [EMAIL] connected to service
[2025-09-30 11:19:44.109] info: Environment Configuration Loaded
[2025-09-30 11:19:44.111] info: Server is running at http://localhost:4000
[2025-09-30 11:19:44.115] info: [REDIS] Connected to Redis
[2025-09-30 11:19:44.153] info: [PRISMA] : connected to database
[2025-09-30 11:19:45.590] info: [EMAIL] connected to service
[2025-09-30 11:20:08.200] info: Environment Configuration Loaded
[2025-09-30 11:20:08.203] info: Server is running at http://localhost:4000
[2025-09-30 11:20:08.207] info: [REDIS] Connected to Redis
[2025-09-30 11:20:08.250] info: [PRISMA] : connected to database
[2025-09-30 11:20:09.836] info: [EMAIL] connected to service
[2025-09-30 02:55:37.982] info: Environment Configuration Loaded
[2025-09-30 02:55:37.987] info: Server is running at http://localhost:4000
[2025-09-30 02:55:37.992] info: [REDIS] Connected to Redis
[2025-09-30 02:55:37.995] error: [EMAIL] Service :  Error: getaddrinfo EAI_AGAIN smtp.gmail.com
[2025-09-30 02:55:38.030] info: [PRISMA] : connected to database
[2025-10-01 06:35:54.238] info: Environment Configuration Loaded
[2025-10-01 06:35:54.243] info: Server is running at http://localhost:4000
[2025-10-01 06:35:54.248] error: [REDIS] Failed to Connect to Redis connect ECONNREFUSED 127.0.0.1:6379
[2025-10-01 06:35:54.298] error: [REDIS] Failed to Connect to Redis connect ECONNREFUSED 127.0.0.1:6379
[2025-10-01 06:35:54.315] error: [PRISMA] : failed to connect database :  Can't reach database server at `localhost:5432`

Please make sure your database server is running at `localhost:5432`.
[2025-10-01 06:35:54.399] error: [REDIS] Failed to Connect to Redis connect ECONNREFUSED 127.0.0.1:6379
[2025-10-01 06:35:54.550] error: [REDIS] Failed to Connect to Redis connect ECONNREFUSED 127.0.0.1:6379
[2025-10-01 06:35:54.752] error: [REDIS] Failed to Connect to Redis connect ECONNREFUSED 127.0.0.1:6379
[2025-10-01 06:35:55.003] error: [REDIS] Failed to Connect to Redis connect ECONNREFUSED 127.0.0.1:6379
[2025-10-01 06:35:55.304] error: [REDIS] Failed to Connect to Redis connect ECONNREFUSED 127.0.0.1:6379
[2025-10-01 06:35:55.655] error: [REDIS] Failed to Connect to Redis connect ECONNREFUSED 127.0.0.1:6379
[2025-10-01 06:35:56.057] error: [REDIS] Failed to Connect to Redis connect ECONNREFUSED 127.0.0.1:6379
[2025-10-01 06:35:56.097] info: [EMAIL] connected to service
